Base path: '/Applications/Unity/Hub/Editor/2019.4.37f1/Unity.app/Contents', plugins path '/Applications/Unity/Hub/Editor/2019.4.37f1/Unity.app/Contents/PlaybackEngines'
Cmd: initializeCompiler
Cmd: compileComputeKernel
  api=14 insize=1069 outsize=3653 ok=1
Cmd: translateComputeKernel
  api=14 insize=3316 outsize=3793 ok=1
Cmd: translateComputeKernel
  api=14 insize=3346 outsize=3838 ok=1
Cmd: compileComputeKernel
  api=14 insize=2847 outsize=4614 ok=1
Cmd: translateComputeKernel
  api=14 insize=4614 outsize=8000 ok=1
Cmd: compileComputeKernel
  api=14 insize=331 outsize=2504 ok=1
Cmd: compileComputeKernel
  api=14 insize=331 outsize=2599 ok=1
Cmd: translateComputeKernel
  api=14 insize=1308 outsize=1263 ok=1
Cmd: compileComputeKernel
  api=14 insize=759 outsize=2422 ok=1
Cmd: compileComputeKernel
  api=14 insize=759 outsize=2588 ok=1
Cmd: translateComputeKernel
  api=14 insize=1841 outsize=1817 ok=1
Cmd: translateComputeKernel
  api=14 insize=2660 outsize=2457 ok=1
Cmd: translateComputeKernel
  api=14 insize=2720 outsize=2580 ok=1
Cmd: translateComputeKernel
  api=14 insize=2710 outsize=2582 ok=1
Cmd: translateComputeKernel
  api=14 insize=2969 outsize=2929 ok=1
Cmd: compileComputeKernel
  api=14 insize=3405 outsize=26561 ok=1
Cmd: translateComputeKernel
  api=14 insize=27024 outsize=55461 ok=1
Cmd: compileComputeKernel
  api=14 insize=13751 outsize=3606 ok=1
Cmd: compileComputeKernel
  api=14 insize=13751 outsize=4099 ok=1
Cmd: compileComputeKernel
  api=14 insize=13751 outsize=3308 ok=1
Cmd: compileComputeKernel
  api=14 insize=13751 outsize=3860 ok=1
Cmd: translateComputeKernel
  api=14 insize=3377 outsize=3146 ok=1
Cmd: translateComputeKernel
  api=14 insize=3513 outsize=3480 ok=1
Cmd: translateComputeKernel
  api=14 insize=4221 outsize=4643 ok=1
Cmd: translateComputeKernel
  api=14 insize=3648 outsize=3719 ok=1
Cmd: compileComputeKernel
  api=14 insize=20821 outsize=51193 ok=1
Cmd: translateComputeKernel
  api=14 insize=45733 outsize=87578 ok=1
Cmd: compileComputeKernel
  api=14 insize=89748 outsize=6266 ok=1
Cmd: compileComputeKernel
  api=14 insize=89748 outsize=3803 ok=1
Cmd: compileComputeKernel
  api=14 insize=89748 outsize=4703 ok=1
Cmd: compileComputeKernel
  api=14 insize=89748 outsize=3713 ok=1
Cmd: compileComputeKernel
  api=14 insize=89748 outsize=4485 ok=1
Cmd: compileComputeKernel
  api=14 insize=89748 outsize=3871 ok=1
Cmd: compileComputeKernel
  api=14 insize=89748 outsize=5636 ok=1
Cmd: compileComputeKernel
  api=14 insize=89748 outsize=5597 ok=1
Cmd: compileComputeKernel
  api=14 insize=89748 outsize=3765 ok=1
Cmd: compileComputeKernel
  api=14 insize=89748 outsize=5695 ok=1
Cmd: compileComputeKernel
  api=14 insize=89748 outsize=5757 ok=1
Cmd: compileComputeKernel
  api=14 insize=89748 outsize=5623 ok=1
Cmd: compileComputeKernel
  api=14 insize=89748 outsize=5908 ok=1
Cmd: compileComputeKernel
  api=14 insize=89748 outsize=6140 ok=1
Cmd: compileComputeKernel
  api=14 insize=89748 outsize=5631 ok=1
Cmd: compileComputeKernel
  api=14 insize=89748 outsize=3773 ok=1
Cmd: compileComputeKernel
  api=14 insize=89748 outsize=7363 ok=1
Cmd: compileComputeKernel
  api=14 insize=89748 outsize=7363 ok=1
Cmd: compileComputeKernel
  api=14 insize=89748 outsize=7392 ok=1
Cmd: compileComputeKernel
  api=14 insize=89748 outsize=7393 ok=1
Cmd: compileComputeKernel
  api=14 insize=89748 outsize=5684 ok=1
Cmd: compileComputeKernel
  api=14 insize=89748 outsize=5810 ok=1
Cmd: compileComputeKernel
  api=14 insize=89748 outsize=5594 ok=1
Cmd: compileComputeKernel
  api=14 insize=89748 outsize=4152 ok=1
Cmd: compileComputeKernel
  api=14 insize=89748 outsize=5338 ok=1
Cmd: compileComputeKernel
  api=14 insize=89748 outsize=4430 ok=1
Cmd: translateComputeKernel
  api=14 insize=6728 outsize=9647 ok=1
Cmd: translateComputeKernel
  api=14 insize=8635 outsize=12351 ok=1
Cmd: translateComputeKernel
  api=14 insize=5201 outsize=5911 ok=1
Cmd: translateComputeKernel
  api=14 insize=6779 outsize=8851 ok=1
Cmd: translateComputeKernel
  api=14 insize=6368 outsize=8411 ok=1
Cmd: translateComputeKernel
  api=14 insize=6328 outsize=8350 ok=1
Cmd: translateComputeKernel
  api=14 insize=4619 outsize=4383 ok=1
Cmd: translateComputeKernel
  api=14 insize=6436 outsize=8573 ok=1
Cmd: translateComputeKernel
  api=14 insize=6532 outsize=8766 ok=1
Cmd: translateComputeKernel
  api=14 insize=6791 outsize=9153 ok=1
Cmd: translateComputeKernel
  api=14 insize=6872 outsize=9449 ok=1
Cmd: translateComputeKernel
  api=14 insize=6428 outsize=8575 ok=1
Cmd: translateComputeKernel
  api=14 insize=6372 outsize=8430 ok=1
Cmd: translateComputeKernel
  api=14 insize=7390 outsize=11483 ok=1
Cmd: translateComputeKernel
  api=14 insize=6370 outsize=8417 ok=1
Cmd: translateComputeKernel
  api=14 insize=9524 outsize=15808 ok=1
Cmd: translateComputeKernel
  api=14 insize=6266 outsize=8361 ok=1
Cmd: translateComputeKernel
  api=14 insize=4928 outsize=4980 ok=1
Cmd: translateComputeKernel
  api=14 insize=6588 outsize=8670 ok=1
Cmd: translateComputeKernel
  api=14 insize=4894 outsize=5577 ok=1
Cmd: translateComputeKernel
  api=14 insize=5086 outsize=5863 ok=1
Cmd: translateComputeKernel
  api=14 insize=5118 outsize=5616 ok=1
Cmd: compileComputeKernel
  api=14 insize=467 outsize=4161 ok=1
Cmd: translateComputeKernel
  api=14 insize=5429 outsize=8672 ok=1
Cmd: compileComputeKernel
  api=14 insize=15390 outsize=4532 ok=1
Cmd: compileComputeKernel
  api=14 insize=15390 outsize=4088 ok=1
Cmd: compileComputeKernel
  api=14 insize=15390 outsize=5286 ok=1
Cmd: translateComputeKernel
  api=14 insize=4605 outsize=8177 ok=1
Cmd: translateComputeKernel
  api=14 insize=4633 outsize=8133 ok=1
Cmd: compileComputeKernel
  api=14 insize=67361 outsize=14732 ok=1
Cmd: compileComputeKernel
  api=14 insize=67361 outsize=12233 ok=1
Cmd: compileComputeKernel
  api=14 insize=67361 outsize=12047 ok=1
Cmd: compileComputeKernel
  api=14 insize=67361 outsize=10967 ok=1
Cmd: translateComputeKernel
  api=14 insize=30573 outsize=58267 ok=1
Cmd: compileComputeKernel
  api=14 insize=4587 outsize=5956 ok=1
Cmd: translateComputeKernel
  api=14 insize=5593 outsize=7405 ok=1
Cmd: compileComputeKernel
  api=14 insize=18755 outsize=19261 ok=1
Cmd: translateComputeKernel
  api=14 insize=44800 outsize=84824 ok=1
Cmd: compileComputeKernel
  api=14 insize=76423 outsize=15079 ok=1
Cmd: translateComputeKernel
  api=14 insize=7794 outsize=13567 ok=1
Cmd: compileComputeKernel
  api=14 insize=467 outsize=5059 ok=1
Cmd: translateComputeKernel
  api=14 insize=5257 outsize=8236 ok=1
Cmd: compileComputeKernel
  api=14 insize=13363 outsize=12562 ok=1
Cmd: translateComputeKernel
  api=14 insize=12482 outsize=23230 ok=1
Cmd: compileComputeKernel
  api=14 insize=1069 outsize=3217 ok=1
Cmd: compileComputeKernel
  api=14 insize=1069 outsize=3364 ok=1
Cmd: translateComputeKernel
  api=14 insize=3316 outsize=3793 ok=1
Cmd: translateComputeKernel
  api=14 insize=3379 outsize=3876 ok=1
Cmd: compileComputeKernel
  api=14 insize=3167 outsize=3546 ok=1
Cmd: compileComputeKernel
  api=14 insize=776 outsize=12504 ok=1
Cmd: translateComputeKernel
  api=14 insize=12537 outsize=24251 ok=1
Cmd: compileComputeKernel
  api=14 insize=11209 outsize=1157 ok=1
Cmd: compileComputeKernel
  api=14 insize=11209 outsize=1151 ok=1
Cmd: compileComputeKernel
  api=14 insize=11209 outsize=1362 ok=1
Cmd: compileComputeKernel
  api=14 insize=11209 outsize=2499 ok=1
Cmd: compileComputeKernel
  api=14 insize=11209 outsize=2597 ok=1
Cmd: compileComputeKernel
  api=14 insize=11209 outsize=1838 ok=1
Cmd: compileComputeKernel
  api=14 insize=11209 outsize=1383 ok=1
Cmd: compileComputeKernel
  api=14 insize=11209 outsize=2417 ok=1
Cmd: compileComputeKernel
  api=14 insize=11209 outsize=2544 ok=1
Cmd: compileComputeKernel
  api=14 insize=11209 outsize=3061 ok=1
Cmd: compileComputeKernel
  api=14 insize=11209 outsize=3287 ok=1
Cmd: compileComputeKernel
  api=14 insize=11209 outsize=3197 ok=1
Cmd: compileComputeKernel
  api=14 insize=11209 outsize=3103 ok=1
Cmd: compileComputeKernel
  api=14 insize=11209 outsize=3205 ok=1
Cmd: compileComputeKernel
  api=14 insize=11209 outsize=3036 ok=1
Cmd: compileComputeKernel
  api=14 insize=11209 outsize=2988 ok=1
Cmd: compileComputeKernel
  api=14 insize=11209 outsize=3086 ok=1
Cmd: compileComputeKernel
  api=14 insize=11209 outsize=3313 ok=1
Cmd: compileComputeKernel
  api=14 insize=11209 outsize=3345 ok=1
Cmd: compileComputeKernel
  api=14 insize=11209 outsize=3545 ok=1
Cmd: compileComputeKernel
  api=14 insize=11209 outsize=3004 ok=1
Cmd: compileComputeKernel
  api=14 insize=11209 outsize=3004 ok=1
Cmd: compileComputeKernel
  api=14 insize=11209 outsize=3150 ok=1
Cmd: translateComputeKernel
  api=14 insize=2672 outsize=2445 ok=1
Cmd: translateComputeKernel
  api=14 insize=2670 outsize=2451 ok=1
Cmd: translateComputeKernel
  api=14 insize=2777 outsize=2600 ok=1
Cmd: translateComputeKernel
  api=14 insize=1458 outsize=1302 ok=1
Cmd: translateComputeKernel
  api=14 insize=1481 outsize=1350 ok=1
Cmd: translateComputeKernel
  api=14 insize=2027 outsize=2133 ok=1
Cmd: translateComputeKernel
  api=14 insize=2953 outsize=2848 ok=1
Cmd: translateComputeKernel
  api=14 insize=2491 outsize=2682 ok=1
Cmd: translateComputeKernel
  api=14 insize=1410 outsize=1226 ok=1
Cmd: translateComputeKernel
  api=14 insize=2704 outsize=2554 ok=1
Cmd: translateComputeKernel
  api=14 insize=3222 outsize=3502 ok=1
Cmd: translateComputeKernel
  api=14 insize=3105 outsize=3107 ok=1
Cmd: translateComputeKernel
  api=14 insize=3421 outsize=3805 ok=1
Cmd: translateComputeKernel
  api=14 insize=3207 outsize=3695 ok=1
Cmd: translateComputeKernel
  api=14 insize=3201 outsize=3688 ok=1
Cmd: translateComputeKernel
  api=14 insize=3336 outsize=3698 ok=1
Cmd: translateComputeKernel
  api=14 insize=3189 outsize=3637 ok=1
Cmd: translateComputeKernel
  api=14 insize=3162 outsize=3602 ok=1
Cmd: translateComputeKernel
  api=14 insize=3229 outsize=3522 ok=1
Cmd: translateComputeKernel
  api=14 insize=3298 outsize=3638 ok=1
Cmd: translateComputeKernel
  api=14 insize=3298 outsize=3637 ok=1
Cmd: translateComputeKernel
  api=14 insize=3302 outsize=3627 ok=1
Cmd: translateComputeKernel
  api=14 insize=3188 outsize=3458 ok=1
Cmd: translateComputeKernel
  api=14 insize=3165 outsize=3600 ok=1
Cmd: translateComputeKernel
  api=14 insize=3220 outsize=3565 ok=1
Cmd: compileComputeKernel
  api=14 insize=4497 outsize=3078 ok=1
Cmd: translateComputeKernel
  api=14 insize=3166 outsize=4066 ok=1
