Base path: '/Applications/Unity/Hub/Editor/2019.4.37f1/Unity.app/Contents', plugins path '/Applications/Unity/Hub/Editor/2019.4.37f1/Unity.app/Contents/PlaybackEngines'
Cmd: initializeCompiler
Cmd: compileComputeKernel
  api=14 insize=775 outsize=12969 ok=1
Cmd: translateComputeKernel
  api=14 insize=6092 outsize=9953 ok=1
Cmd: compileComputeKernel
  api=14 insize=1069 outsize=3213 ok=1
Cmd: compileComputeKernel
  api=14 insize=1069 outsize=3250 ok=1
Cmd: compileComputeKernel
  api=14 insize=1069 outsize=3276 ok=1
Cmd: compileComputeKernel
  api=14 insize=1069 outsize=3644 ok=1
Cmd: translateComputeKernel
  api=14 insize=3348 outsize=3839 ok=1
Cmd: translateComputeKernel
  api=14 insize=3379 outsize=3876 ok=1
Cmd: compileComputeKernel
  api=14 insize=2847 outsize=4634 ok=1
Cmd: compileComputeKernel
  api=14 insize=331 outsize=1150 ok=1
Cmd: translateComputeKernel
  api=14 insize=2599 outsize=2532 ok=1
Cmd: compileComputeKernel
  api=14 insize=759 outsize=1622 ok=1
Cmd: compileComputeKernel
  api=14 insize=759 outsize=2489 ok=1
Cmd: compileComputeKernel
  api=14 insize=759 outsize=2974 ok=1
Cmd: translateComputeKernel
  api=14 insize=2583 outsize=2342 ok=1
Cmd: translateComputeKernel
  api=14 insize=2654 outsize=2450 ok=1
Cmd: translateComputeKernel
  api=14 insize=2620 outsize=2410 ok=1
Cmd: translateComputeKernel
  api=14 insize=2679 outsize=2511 ok=1
Cmd: compileComputeKernel
  api=14 insize=3405 outsize=35881 ok=1
Cmd: compileComputeKernel
  api=14 insize=3405 outsize=32130 ok=1
Cmd: translateComputeKernel
  api=14 insize=28447 outsize=59214 ok=1
Cmd: translateComputeKernel
  api=14 insize=4898 outsize=7494 ok=1
Cmd: translateComputeKernel
  api=14 insize=4898 outsize=7477 ok=1
Cmd: translateComputeKernel
  api=14 insize=3346 outsize=3824 ok=1
Cmd: translateComputeKernel
  api=14 insize=3750 outsize=4825 ok=1
Cmd: translateComputeKernel
  api=14 insize=18225 outsize=34806 ok=1
Cmd: compileComputeKernel
  api=14 insize=13751 outsize=3606 ok=1
Cmd: compileComputeKernel
  api=14 insize=13751 outsize=4059 ok=1
Cmd: compileComputeKernel
  api=14 insize=13751 outsize=3308 ok=1
Cmd: translateComputeKernel
  api=14 insize=4222 outsize=4451 ok=1
Cmd: translateComputeKernel
  api=14 insize=4530 outsize=5871 ok=1
Cmd: compileComputeKernel
  api=14 insize=20821 outsize=19744 ok=1
Cmd: compileComputeKernel
  api=14 insize=89748 outsize=4094 ok=1
Cmd: compileComputeKernel
  api=14 insize=89748 outsize=5207 ok=1
Cmd: compileComputeKernel
  api=14 insize=89748 outsize=4411 ok=1
Cmd: compileComputeKernel
  api=14 insize=89748 outsize=4858 ok=1
Cmd: compileComputeKernel
  api=14 insize=89748 outsize=3913 ok=1
Cmd: compileComputeKernel
  api=14 insize=89748 outsize=3891 ok=1
Cmd: compileComputeKernel
  api=14 insize=89748 outsize=6310 ok=1
Cmd: compileComputeKernel
  api=14 insize=89748 outsize=5596 ok=1
Cmd: compileComputeKernel
  api=14 insize=89748 outsize=5681 ok=1
Cmd: compileComputeKernel
  api=14 insize=89748 outsize=5695 ok=1
Cmd: compileComputeKernel
  api=14 insize=89748 outsize=5671 ok=1
Cmd: compileComputeKernel
  api=14 insize=89748 outsize=5623 ok=1
Cmd: compileComputeKernel
  api=14 insize=89748 outsize=5709 ok=1
Cmd: compileComputeKernel
  api=14 insize=89748 outsize=5713 ok=1
Cmd: compileComputeKernel
  api=14 insize=89748 outsize=5599 ok=1
Cmd: compileComputeKernel
  api=14 insize=89748 outsize=5800 ok=1
Cmd: compileComputeKernel
  api=14 insize=89748 outsize=7363 ok=1
Cmd: compileComputeKernel
  api=14 insize=89748 outsize=7363 ok=1
Cmd: compileComputeKernel
  api=14 insize=89748 outsize=7395 ok=1
Cmd: compileComputeKernel
  api=14 insize=89748 outsize=7542 ok=1
Cmd: compileComputeKernel
  api=14 insize=89748 outsize=8932 ok=1
Cmd: compileComputeKernel
  api=14 insize=89748 outsize=5653 ok=1
Cmd: compileComputeKernel
  api=14 insize=89748 outsize=4498 ok=1
Cmd: compileComputeKernel
  api=14 insize=89748 outsize=4274 ok=1
Cmd: compileComputeKernel
  api=14 insize=89748 outsize=3147 ok=1
Cmd: compileComputeKernel
  api=14 insize=89748 outsize=4151 ok=1
Cmd: compileComputeKernel
  api=14 insize=89748 outsize=6795 ok=1
Cmd: translateComputeKernel
  api=14 insize=4664 outsize=4303 ok=1
Cmd: translateComputeKernel
  api=14 insize=16260 outsize=28764 ok=1
Cmd: translateComputeKernel
  api=14 insize=6329 outsize=8269 ok=1
Cmd: translateComputeKernel
  api=14 insize=6564 outsize=8755 ok=1
Cmd: translateComputeKernel
  api=14 insize=6373 outsize=8443 ok=1
Cmd: translateComputeKernel
  api=14 insize=6441 outsize=8516 ok=1
Cmd: translateComputeKernel
  api=14 insize=6441 outsize=8597 ok=1
Cmd: translateComputeKernel
  api=14 insize=6331 outsize=8266 ok=1
Cmd: translateComputeKernel
  api=14 insize=6363 outsize=8488 ok=1
Cmd: translateComputeKernel
  api=14 insize=4585 outsize=4791 ok=1
Cmd: translateComputeKernel
  api=14 insize=8025 outsize=12600 ok=1
Cmd: translateComputeKernel
  api=14 insize=8025 outsize=12604 ok=1
Cmd: translateComputeKernel
  api=14 insize=8062 outsize=12558 ok=1
Cmd: translateComputeKernel
  api=14 insize=8055 outsize=12551 ok=1
Cmd: translateComputeKernel
  api=14 insize=6370 outsize=8335 ok=1
Cmd: translateComputeKernel
  api=14 insize=6385 outsize=8622 ok=1
Cmd: translateComputeKernel
  api=14 insize=4453 outsize=4154 ok=1
Cmd: translateComputeKernel
  api=14 insize=4928 outsize=4980 ok=1
Cmd: translateComputeKernel
  api=14 insize=6243 outsize=7822 ok=1
Cmd: translateComputeKernel
  api=14 insize=6594 outsize=8932 ok=1
Cmd: compileComputeKernel
  api=14 insize=467 outsize=4237 ok=1
Cmd: translateComputeKernel
  api=14 insize=7899 outsize=13321 ok=1
Cmd: compileComputeKernel
  api=14 insize=15390 outsize=4532 ok=1
Cmd: compileComputeKernel
  api=14 insize=15390 outsize=4560 ok=1
Cmd: translateComputeKernel
  api=14 insize=4163 outsize=6253 ok=1
Cmd: translateComputeKernel
  api=14 insize=4605 outsize=8097 ok=1
Cmd: translateComputeKernel
  api=14 insize=4649 outsize=7030 ok=1
Cmd: compileComputeKernel
  api=14 insize=67361 outsize=31724 ok=1
Cmd: compileComputeKernel
  api=14 insize=67361 outsize=12223 ok=1
Cmd: compileComputeKernel
  api=14 insize=67361 outsize=11159 ok=1
Cmd: translateComputeKernel
  api=14 insize=31789 outsize=61858 ok=1
Cmd: compileComputeKernel
  api=14 insize=4587 outsize=5864 ok=1
Cmd: compileComputeKernel
  api=14 insize=18755 outsize=8956 ok=1
Cmd: translateComputeKernel
  api=14 insize=19261 outsize=36958 ok=1
Cmd: compileComputeKernel
  api=14 insize=76423 outsize=7035 ok=1
Cmd: translateComputeKernel
  api=14 insize=15079 outsize=27986 ok=1
Cmd: compileComputeKernel
  api=14 insize=467 outsize=7461 ok=1
Cmd: translateComputeKernel
  api=14 insize=5197 outsize=8168 ok=1
Cmd: compileComputeKernel
  api=14 insize=13363 outsize=12482 ok=1
Cmd: translateComputeKernel
  api=14 insize=5423 outsize=8836 ok=1
Cmd: compileComputeKernel
  api=14 insize=1069 outsize=3213 ok=1
Cmd: compileComputeKernel
  api=14 insize=1069 outsize=3250 ok=1
Cmd: translateComputeKernel
  api=14 insize=3401 outsize=3940 ok=1
Cmd: translateComputeKernel
  api=14 insize=3350 outsize=3842 ok=1
Cmd: translateComputeKernel
  api=14 insize=3714 outsize=4389 ok=1
Cmd: translateComputeKernel
  api=14 insize=3239 outsize=4658 ok=1
Cmd: translateComputeKernel
  api=14 insize=16504 outsize=32458 ok=1
Cmd: compileComputeKernel
  api=14 insize=11209 outsize=1150 ok=1
Cmd: compileComputeKernel
  api=14 insize=11209 outsize=2677 ok=1
Cmd: compileComputeKernel
  api=14 insize=11209 outsize=2690 ok=1
Cmd: compileComputeKernel
  api=14 insize=11209 outsize=2571 ok=1
Cmd: compileComputeKernel
  api=14 insize=11209 outsize=2726 ok=1
Cmd: compileComputeKernel
  api=14 insize=11209 outsize=2758 ok=1
Cmd: compileComputeKernel
  api=14 insize=11209 outsize=2958 ok=1
Cmd: compileComputeKernel
  api=14 insize=11209 outsize=2617 ok=1
Cmd: compileComputeKernel
  api=14 insize=11209 outsize=1221 ok=1
Cmd: compileComputeKernel
  api=14 insize=11209 outsize=2969 ok=1
Cmd: compileComputeKernel
  api=14 insize=11209 outsize=3287 ok=1
Cmd: compileComputeKernel
  api=14 insize=11209 outsize=3109 ok=1
Cmd: compileComputeKernel
  api=14 insize=11209 outsize=3069 ok=1
Cmd: compileComputeKernel
  api=14 insize=11209 outsize=3205 ok=1
Cmd: compileComputeKernel
  api=14 insize=11209 outsize=3028 ok=1
Cmd: compileComputeKernel
  api=14 insize=11209 outsize=2961 ok=1
Cmd: compileComputeKernel
  api=14 insize=11209 outsize=3104 ok=1
Cmd: compileComputeKernel
  api=14 insize=11209 outsize=3137 ok=1
Cmd: compileComputeKernel
  api=14 insize=11209 outsize=3137 ok=1
Cmd: compileComputeKernel
  api=14 insize=11209 outsize=3141 ok=1
Cmd: compileComputeKernel
  api=14 insize=11209 outsize=2964 ok=1
Cmd: compileComputeKernel
  api=14 insize=11209 outsize=2964 ok=1
Cmd: compileComputeKernel
  api=14 insize=11209 outsize=3036 ok=1
Cmd: translateComputeKernel
  api=14 insize=1410 outsize=1222 ok=1
Cmd: translateComputeKernel
  api=14 insize=2669 outsize=2449 ok=1
Cmd: translateComputeKernel
  api=14 insize=2873 outsize=2740 ok=1
Cmd: translateComputeKernel
  api=14 insize=2636 outsize=2373 ok=1
Cmd: translateComputeKernel
  api=14 insize=2664 outsize=2411 ok=1
Cmd: translateComputeKernel
  api=14 insize=2981 outsize=2956 ok=1
Cmd: translateComputeKernel
  api=14 insize=2091 outsize=2211 ok=1
Cmd: translateComputeKernel
  api=14 insize=3213 outsize=3268 ok=1
Cmd: translateComputeKernel
  api=14 insize=2777 outsize=2614 ok=1
Cmd: translateComputeKernel
  api=14 insize=1474 outsize=1386 ok=1
Cmd: translateComputeKernel
  api=14 insize=3193 outsize=3464 ok=1
Cmd: translateComputeKernel
  api=14 insize=3199 outsize=3640 ok=1
Cmd: translateComputeKernel
  api=14 insize=3366 outsize=3865 ok=1
Cmd: translateComputeKernel
  api=14 insize=3270 outsize=3591 ok=1
Cmd: translateComputeKernel
  api=14 insize=3264 outsize=3584 ok=1
Cmd: translateComputeKernel
  api=14 insize=3153 outsize=3655 ok=1
Cmd: translateComputeKernel
  api=14 insize=3167 outsize=3648 ok=1
Cmd: translateComputeKernel
  api=14 insize=3189 outsize=3638 ok=1
Cmd: translateComputeKernel
  api=14 insize=3240 outsize=3541 ok=1
Cmd: translateComputeKernel
  api=14 insize=3166 outsize=3634 ok=1
Cmd: translateComputeKernel
  api=14 insize=3235 outsize=3738 ok=1
Cmd: translateComputeKernel
  api=14 insize=3275 outsize=3763 ok=1
Cmd: translateComputeKernel
  api=14 insize=3302 outsize=3627 ok=1
Cmd: translateComputeKernel
  api=14 insize=3188 outsize=3458 ok=1
Cmd: translateComputeKernel
  api=14 insize=3188 outsize=3458 ok=1
Cmd: translateComputeKernel
  api=14 insize=3220 outsize=3565 ok=1
Cmd: compileComputeKernel
  api=14 insize=4497 outsize=2873 ok=1
Cmd: translateComputeKernel
  api=14 insize=3166 outsize=4039 ok=1
